CRITICAL - 2024-01-22 05:10:09 --> Invalid file: "nav_bar.php"
in SYSTEMPATH\Exceptions\FrameworkException.php on line 39.
 1 SYSTEMPATH\View\View.php(216): CodeIgniter\Exceptions\FrameworkException::forInvalidFile('nav_bar.php')
 2 SYSTEMPATH\Common.php(1190): CodeIgniter\View\View->render('nav_bar', [], true)
 3 APPPATH\Controllers\User.php(8): view('nav_bar')
 4 SYSTEMPATH\CodeIgniter.php(942): App\Controllers\User->index()
 5 SYSTEMPATH\CodeIgniter.php(502): CodeIgniter\CodeIgniter->runController(Object(App\Controllers\User))
 6 SYSTEMPATH\CodeIgniter.php(361): CodeIgniter\CodeIgniter->handleRequest(null, Object(Config\Cache), false)
 7 FCPATH\index.php(79): CodeIgniter\CodeIgniter->run()
CRITICAL - 2024-01-22 05:10:09 --> Invalid file: "nav_bar.php"
in SYSTEMPATH\Exceptions\FrameworkException.php on line 39.
 1 SYSTEMPATH\View\View.php(216): CodeIgniter\Exceptions\FrameworkException::forInvalidFile('nav_bar.php')
 2 SYSTEMPATH\Common.php(1190): CodeIgniter\View\View->render('nav_bar', [], true)
 3 APPPATH\Controllers\User.php(8): view('nav_bar')
 4 SYSTEMPATH\CodeIgniter.php(942): App\Controllers\User->index()
 5 SYSTEMPATH\CodeIgniter.php(502): CodeIgniter\CodeIgniter->runController(Object(App\Controllers\User))
 6 SYSTEMPATH\CodeIgniter.php(361): CodeIgniter\CodeIgniter->handleRequest(null, Object(Config\Cache), false)
 7 FCPATH\index.php(79): CodeIgniter\CodeIgniter->run()
CRITICAL - 2024-01-22 06:22:03 --> Invalid file: "topbar.php"
in SYSTEMPATH\Exceptions\FrameworkException.php on line 39.
 1 SYSTEMPATH\View\View.php(216): CodeIgniter\Exceptions\FrameworkException::forInvalidFile('topbar.php')
 2 SYSTEMPATH\Common.php(1190): CodeIgniter\View\View->render('topbar', [], true)
 3 APPPATH\Controllers\User.php(8): view('topbar')
 4 SYSTEMPATH\CodeIgniter.php(942): App\Controllers\User->index()
 5 SYSTEMPATH\CodeIgniter.php(502): CodeIgniter\CodeIgniter->runController(Object(App\Controllers\User))
 6 SYSTEMPATH\CodeIgniter.php(361): CodeIgniter\CodeIgniter->handleRequest(null, Object(Config\Cache), false)
 7 FCPATH\index.php(79): CodeIgniter\CodeIgniter->run()
CRITICAL - 2024-01-22 06:29:24 --> Invalid file: "topbar.php"
in SYSTEMPATH\Exceptions\FrameworkException.php on line 39.
 1 SYSTEMPATH\View\View.php(216): CodeIgniter\Exceptions\FrameworkException::forInvalidFile('topbar.php')
 2 SYSTEMPATH\Common.php(1190): CodeIgniter\View\View->render('topbar', [], true)
 3 APPPATH\Controllers\User.php(8): view('topbar')
 4 SYSTEMPATH\CodeIgniter.php(942): App\Controllers\User->index()
 5 SYSTEMPATH\CodeIgniter.php(502): CodeIgniter\CodeIgniter->runController(Object(App\Controllers\User))
 6 SYSTEMPATH\CodeIgniter.php(361): CodeIgniter\CodeIgniter->handleRequest(null, Object(Config\Cache), false)
 7 FCPATH\index.php(79): CodeIgniter\CodeIgniter->run()
CRITICAL - 2024-01-22 06:29:25 --> Invalid file: "topbar.php"
in SYSTEMPATH\Exceptions\FrameworkException.php on line 39.
 1 SYSTEMPATH\View\View.php(216): CodeIgniter\Exceptions\FrameworkException::forInvalidFile('topbar.php')
 2 SYSTEMPATH\Common.php(1190): CodeIgniter\View\View->render('topbar', [], true)
 3 APPPATH\Controllers\User.php(8): view('topbar')
 4 SYSTEMPATH\CodeIgniter.php(942): App\Controllers\User->index()
 5 SYSTEMPATH\CodeIgniter.php(502): CodeIgniter\CodeIgniter->runController(Object(App\Controllers\User))
 6 SYSTEMPATH\CodeIgniter.php(361): CodeIgniter\CodeIgniter->handleRequest(null, Object(Config\Cache), false)
 7 FCPATH\index.php(79): CodeIgniter\CodeIgniter->run()
CRITICAL - 2024-01-22 06:33:25 --> Invalid file: "topbar.php"
in SYSTEMPATH\Exceptions\FrameworkException.php on line 39.
 1 SYSTEMPATH\View\View.php(216): CodeIgniter\Exceptions\FrameworkException::forInvalidFile('topbar.php')
 2 SYSTEMPATH\Common.php(1190): CodeIgniter\View\View->render('topbar', [], true)
 3 APPPATH\Controllers\User.php(8): view('topbar')
 4 SYSTEMPATH\CodeIgniter.php(942): App\Controllers\User->index()
 5 SYSTEMPATH\CodeIgniter.php(502): CodeIgniter\CodeIgniter->runController(Object(App\Controllers\User))
 6 SYSTEMPATH\CodeIgniter.php(361): CodeIgniter\CodeIgniter->handleRequest(null, Object(Config\Cache), false)
 7 FCPATH\index.php(79): CodeIgniter\CodeIgniter->run()
CRITICAL - 2024-01-22 06:34:10 --> Invalid file: "topbar.php"
in SYSTEMPATH\Exceptions\FrameworkException.php on line 39.
 1 SYSTEMPATH\View\View.php(216): CodeIgniter\Exceptions\FrameworkException::forInvalidFile('topbar.php')
 2 SYSTEMPATH\Common.php(1190): CodeIgniter\View\View->render('topbar', [], true)
 3 APPPATH\Controllers\User.php(8): view('topbar')
 4 SYSTEMPATH\CodeIgniter.php(942): App\Controllers\User->index()
 5 SYSTEMPATH\CodeIgniter.php(502): CodeIgniter\CodeIgniter->runController(Object(App\Controllers\User))
 6 SYSTEMPATH\CodeIgniter.php(361): CodeIgniter\CodeIgniter->handleRequest(null, Object(Config\Cache), false)
 7 FCPATH\index.php(79): CodeIgniter\CodeIgniter->run()
CRITICAL - 2024-01-22 06:34:57 --> Invalid file: "topbar.php"
in SYSTEMPATH\Exceptions\FrameworkException.php on line 39.
 1 SYSTEMPATH\View\View.php(216): CodeIgniter\Exceptions\FrameworkException::forInvalidFile('topbar.php')
 2 SYSTEMPATH\Common.php(1190): CodeIgniter\View\View->render('topbar', [], true)
 3 APPPATH\Controllers\User.php(8): view('topbar')
 4 SYSTEMPATH\CodeIgniter.php(942): App\Controllers\User->index()
 5 SYSTEMPATH\CodeIgniter.php(502): CodeIgniter\CodeIgniter->runController(Object(App\Controllers\User))
 6 SYSTEMPATH\CodeIgniter.php(361): CodeIgniter\CodeIgniter->handleRequest(null, Object(Config\Cache), false)
 7 FCPATH\index.php(79): CodeIgniter\CodeIgniter->run()
CRITICAL - 2024-01-22 06:35:46 --> Invalid file: "topbar.php"
in SYSTEMPATH\Exceptions\FrameworkException.php on line 39.
 1 SYSTEMPATH\View\View.php(216): CodeIgniter\Exceptions\FrameworkException::forInvalidFile('topbar.php')
 2 SYSTEMPATH\Common.php(1190): CodeIgniter\View\View->render('topbar', [], true)
 3 APPPATH\Controllers\User.php(8): view('topbar')
 4 SYSTEMPATH\CodeIgniter.php(942): App\Controllers\User->index()
 5 SYSTEMPATH\CodeIgniter.php(502): CodeIgniter\CodeIgniter->runController(Object(App\Controllers\User))
 6 SYSTEMPATH\CodeIgniter.php(361): CodeIgniter\CodeIgniter->handleRequest(null, Object(Config\Cache), false)
 7 FCPATH\index.php(79): CodeIgniter\CodeIgniter->run()
CRITICAL - 2024-01-22 06:36:05 --> Invalid file: "topbar.php"
in SYSTEMPATH\Exceptions\FrameworkException.php on line 39.
 1 SYSTEMPATH\View\View.php(216): CodeIgniter\Exceptions\FrameworkException::forInvalidFile('topbar.php')
 2 SYSTEMPATH\Common.php(1190): CodeIgniter\View\View->render('topbar', [], true)
 3 APPPATH\Controllers\User.php(8): view('topbar')
 4 SYSTEMPATH\CodeIgniter.php(942): App\Controllers\User->index()
 5 SYSTEMPATH\CodeIgniter.php(502): CodeIgniter\CodeIgniter->runController(Object(App\Controllers\User))
 6 SYSTEMPATH\CodeIgniter.php(361): CodeIgniter\CodeIgniter->handleRequest(null, Object(Config\Cache), false)
 7 FCPATH\index.php(79): CodeIgniter\CodeIgniter->run()
CRITICAL - 2024-01-22 06:36:29 --> Invalid file: "topbar.php"
in SYSTEMPATH\Exceptions\FrameworkException.php on line 39.
 1 SYSTEMPATH\View\View.php(216): CodeIgniter\Exceptions\FrameworkException::forInvalidFile('topbar.php')
 2 SYSTEMPATH\Common.php(1190): CodeIgniter\View\View->render('topbar', [], true)
 3 APPPATH\Controllers\User.php(8): view('topbar')
 4 SYSTEMPATH\CodeIgniter.php(942): App\Controllers\User->index()
 5 SYSTEMPATH\CodeIgniter.php(502): CodeIgniter\CodeIgniter->runController(Object(App\Controllers\User))
 6 SYSTEMPATH\CodeIgniter.php(361): CodeIgniter\CodeIgniter->handleRequest(null, Object(Config\Cache), false)
 7 FCPATH\index.php(79): CodeIgniter\CodeIgniter->run()
CRITICAL - 2024-01-22 06:36:59 --> Undefined variable $account
in APPPATH\Views\templates\topbar.php on line 17.
 1 APPPATH\Views\templates\topbar.php(17): CodeIgniter\Debug\Exceptions->errorHandler(2, 'Undefined variable $account', 'C:\\XAMPP\\htdocs\\MyProject_CI\\app\\Views\\templates\\topbar.php', 17)
 2 SYSTEMPATH\View\View.php(228): include('C:\\XAMPP\\htdocs\\MyProject_CI\\app\\Views\\templates\\topbar.php')
 3 SYSTEMPATH\View\View.php(231): CodeIgniter\View\View->CodeIgniter\View\{closure}()
 4 SYSTEMPATH\Common.php(1190): CodeIgniter\View\View->render('templates/topbar', [], true)
 5 APPPATH\Controllers\User.php(8): view('templates/topbar')
 6 SYSTEMPATH\CodeIgniter.php(942): App\Controllers\User->index()
 7 SYSTEMPATH\CodeIgniter.php(502): CodeIgniter\CodeIgniter->runController(Object(App\Controllers\User))
 8 SYSTEMPATH\CodeIgniter.php(361): CodeIgniter\CodeIgniter->handleRequest(null, Object(Config\Cache), false)
 9 FCPATH\index.php(79): CodeIgniter\CodeIgniter->run()
CRITICAL - 2024-01-22 06:37:00 --> Undefined variable $account
in APPPATH\Views\templates\topbar.php on line 17.
 1 APPPATH\Views\templates\topbar.php(17): CodeIgniter\Debug\Exceptions->errorHandler(2, 'Undefined variable $account', 'C:\\XAMPP\\htdocs\\MyProject_CI\\app\\Views\\templates\\topbar.php', 17)
 2 SYSTEMPATH\View\View.php(228): include('C:\\XAMPP\\htdocs\\MyProject_CI\\app\\Views\\templates\\topbar.php')
 3 SYSTEMPATH\View\View.php(231): CodeIgniter\View\View->CodeIgniter\View\{closure}()
 4 SYSTEMPATH\Common.php(1190): CodeIgniter\View\View->render('templates/topbar', [], true)
 5 APPPATH\Controllers\User.php(8): view('templates/topbar')
 6 SYSTEMPATH\CodeIgniter.php(942): App\Controllers\User->index()
 7 SYSTEMPATH\CodeIgniter.php(502): CodeIgniter\CodeIgniter->runController(Object(App\Controllers\User))
 8 SYSTEMPATH\CodeIgniter.php(361): CodeIgniter\CodeIgniter->handleRequest(null, Object(Config\Cache), false)
 9 FCPATH\index.php(79): CodeIgniter\CodeIgniter->run()
CRITICAL - 2024-01-22 08:16:16 --> Undefined variable $account
in APPPATH\Views\templates\topbar.php on line 17.
 1 APPPATH\Views\templates\topbar.php(17): CodeIgniter\Debug\Exceptions->errorHandler(2, 'Undefined variable $account', 'C:\\XAMPP\\htdocs\\MyProject_CI\\app\\Views\\templates\\topbar.php', 17)
 2 SYSTEMPATH\View\View.php(228): include('C:\\XAMPP\\htdocs\\MyProject_CI\\app\\Views\\templates\\topbar.php')
 3 SYSTEMPATH\View\View.php(231): CodeIgniter\View\View->CodeIgniter\View\{closure}()
 4 SYSTEMPATH\Common.php(1190): CodeIgniter\View\View->render('templates/topbar', [], true)
 5 APPPATH\Controllers\User.php(8): view('templates/topbar')
 6 SYSTEMPATH\CodeIgniter.php(942): App\Controllers\User->index()
 7 SYSTEMPATH\CodeIgniter.php(502): CodeIgniter\CodeIgniter->runController(Object(App\Controllers\User))
 8 SYSTEMPATH\CodeIgniter.php(361): CodeIgniter\CodeIgniter->handleRequest(null, Object(Config\Cache), false)
 9 FCPATH\index.php(79): CodeIgniter\CodeIgniter->run()
CRITICAL - 2024-01-22 16:29:10 --> Invalid file: "templates/topbar.php"
in SYSTEMPATH\Exceptions\FrameworkException.php on line 39.
 1 SYSTEMPATH\View\View.php(216): CodeIgniter\Exceptions\FrameworkException::forInvalidFile('templates/topbar.php')
 2 SYSTEMPATH\Common.php(1190): CodeIgniter\View\View->render('templates/topbar', [], true)
 3 APPPATH\Controllers\User.php(8): view('templates/topbar')
 4 SYSTEMPATH\CodeIgniter.php(942): App\Controllers\User->index()
 5 SYSTEMPATH\CodeIgniter.php(502): CodeIgniter\CodeIgniter->runController(Object(App\Controllers\User))
 6 SYSTEMPATH\CodeIgniter.php(361): CodeIgniter\CodeIgniter->handleRequest(null, Object(Config\Cache), false)
 7 FCPATH\index.php(79): CodeIgniter\CodeIgniter->run()
CRITICAL - 2024-01-22 16:29:10 --> Invalid file: "templates/topbar.php"
in SYSTEMPATH\Exceptions\FrameworkException.php on line 39.
 1 SYSTEMPATH\View\View.php(216): CodeIgniter\Exceptions\FrameworkException::forInvalidFile('templates/topbar.php')
 2 SYSTEMPATH\Common.php(1190): CodeIgniter\View\View->render('templates/topbar', [], true)
 3 APPPATH\Controllers\User.php(8): view('templates/topbar')
 4 SYSTEMPATH\CodeIgniter.php(942): App\Controllers\User->index()
 5 SYSTEMPATH\CodeIgniter.php(502): CodeIgniter\CodeIgniter->runController(Object(App\Controllers\User))
 6 SYSTEMPATH\CodeIgniter.php(361): CodeIgniter\CodeIgniter->handleRequest(null, Object(Config\Cache), false)
 7 FCPATH\index.php(79): CodeIgniter\CodeIgniter->run()
CRITICAL - 2024-01-22 16:29:24 --> Invalid file: "Includes/sidebar.php"
in SYSTEMPATH\Exceptions\FrameworkException.php on line 39.
 1 SYSTEMPATH\View\View.php(216): CodeIgniter\Exceptions\FrameworkException::forInvalidFile('Includes/sidebar.php')
 2 SYSTEMPATH\View\View.php(469): CodeIgniter\View\View->render('Includes/sidebar', null, true)
 3 APPPATH\Views\Dashboard\index.php(143): CodeIgniter\View\View->include('Includes/sidebar')
 4 SYSTEMPATH\View\View.php(228): include('C:\\XAMPP\\htdocs\\MyProject_CI\\app\\Views\\Dashboard\\index.php')
 5 SYSTEMPATH\View\View.php(231): CodeIgniter\View\View->CodeIgniter\View\{closure}()
 6 SYSTEMPATH\Common.php(1190): CodeIgniter\View\View->render('Dashboard/index', [], true)
 7 APPPATH\Controllers\Dashboard.php(8): view('Dashboard/index')
 8 SYSTEMPATH\CodeIgniter.php(942): App\Controllers\Dashboard->index()
 9 SYSTEMPATH\CodeIgniter.php(502): CodeIgniter\CodeIgniter->runController(Object(App\Controllers\Dashboard))
10 SYSTEMPATH\CodeIgniter.php(361): CodeIgniter\CodeIgniter->handleRequest(null, Object(Config\Cache), false)
11 FCPATH\index.php(79): CodeIgniter\CodeIgniter->run()
CRITICAL - 2024-01-22 16:31:05 --> Invalid file: "Includes/sidebar.php"
in SYSTEMPATH\Exceptions\FrameworkException.php on line 39.
 1 SYSTEMPATH\View\View.php(216): CodeIgniter\Exceptions\FrameworkException::forInvalidFile('Includes/sidebar.php')
 2 SYSTEMPATH\View\View.php(469): CodeIgniter\View\View->render('Includes/sidebar', null, true)
 3 APPPATH\Views\Dashboard\index.php(143): CodeIgniter\View\View->include('Includes/sidebar')
 4 SYSTEMPATH\View\View.php(228): include('C:\\XAMPP\\htdocs\\MyProject_CI\\app\\Views\\Dashboard\\index.php')
 5 SYSTEMPATH\View\View.php(231): CodeIgniter\View\View->CodeIgniter\View\{closure}()
 6 SYSTEMPATH\Common.php(1190): CodeIgniter\View\View->render('Dashboard/index', [], true)
 7 APPPATH\Controllers\Dashboard.php(8): view('Dashboard/index')
 8 SYSTEMPATH\CodeIgniter.php(942): App\Controllers\Dashboard->index()
 9 SYSTEMPATH\CodeIgniter.php(502): CodeIgniter\CodeIgniter->runController(Object(App\Controllers\Dashboard))
10 SYSTEMPATH\CodeIgniter.php(361): CodeIgniter\CodeIgniter->handleRequest(null, Object(Config\Cache), false)
11 FCPATH\index.php(79): CodeIgniter\CodeIgniter->run()
CRITICAL - 2024-01-22 16:31:10 --> Invalid file: "Includes/sidebar.php"
in SYSTEMPATH\Exceptions\FrameworkException.php on line 39.
 1 SYSTEMPATH\View\View.php(216): CodeIgniter\Exceptions\FrameworkException::forInvalidFile('Includes/sidebar.php')
 2 SYSTEMPATH\View\View.php(469): CodeIgniter\View\View->render('Includes/sidebar', null, true)
 3 APPPATH\Views\Dashboard\index.php(143): CodeIgniter\View\View->include('Includes/sidebar')
 4 SYSTEMPATH\View\View.php(228): include('C:\\XAMPP\\htdocs\\MyProject_CI\\app\\Views\\Dashboard\\index.php')
 5 SYSTEMPATH\View\View.php(231): CodeIgniter\View\View->CodeIgniter\View\{closure}()
 6 SYSTEMPATH\Common.php(1190): CodeIgniter\View\View->render('Dashboard/index', [], true)
 7 APPPATH\Controllers\Dashboard.php(8): view('Dashboard/index')
 8 SYSTEMPATH\CodeIgniter.php(942): App\Controllers\Dashboard->index()
 9 SYSTEMPATH\CodeIgniter.php(502): CodeIgniter\CodeIgniter->runController(Object(App\Controllers\Dashboard))
10 SYSTEMPATH\CodeIgniter.php(361): CodeIgniter\CodeIgniter->handleRequest(null, Object(Config\Cache), false)
11 FCPATH\index.php(79): CodeIgniter\CodeIgniter->run()
CRITICAL - 2024-01-22 16:33:54 --> Invalid file: "Includes/sidebar.php"
in SYSTEMPATH\Exceptions\FrameworkException.php on line 39.
 1 SYSTEMPATH\View\View.php(216): CodeIgniter\Exceptions\FrameworkException::forInvalidFile('Includes/sidebar.php')
 2 SYSTEMPATH\View\View.php(469): CodeIgniter\View\View->render('Includes/sidebar', null, true)
 3 APPPATH\Views\Dashboard\index.php(143): CodeIgniter\View\View->include('Includes/sidebar')
 4 SYSTEMPATH\View\View.php(228): include('C:\\XAMPP\\htdocs\\MyProject_CI\\app\\Views\\Dashboard\\index.php')
 5 SYSTEMPATH\View\View.php(231): CodeIgniter\View\View->CodeIgniter\View\{closure}()
 6 SYSTEMPATH\Common.php(1190): CodeIgniter\View\View->render('Dashboard/index', [], true)
 7 APPPATH\Controllers\Dashboard.php(8): view('Dashboard/index')
 8 SYSTEMPATH\CodeIgniter.php(942): App\Controllers\Dashboard->index()
 9 SYSTEMPATH\CodeIgniter.php(502): CodeIgniter\CodeIgniter->runController(Object(App\Controllers\Dashboard))
10 SYSTEMPATH\CodeIgniter.php(361): CodeIgniter\CodeIgniter->handleRequest(null, Object(Config\Cache), false)
11 FCPATH\index.php(79): CodeIgniter\CodeIgniter->run()
